<?xml version="1.0" encoding="UTF-8"?>
<testsuite xmlns:xsi="http://www.w3.org/2001/XMLSchema-instance" xsi:noNamespaceSchemaLocation="https://maven.apache.org/surefire/maven-surefire-plugin/xsd/surefire-test-report.xsd" name="com.task.kp.ReportFileCsvApplicationTests" time="7.882" tests="1" errors="0" skipped="0" failures="0">
  <properties>
    <property name="sun.desktop" value="gnome"/>
    <property name="awt.toolkit" value="sun.awt.X11.XToolkit"/>
    <property name="java.specification.version" value="11"/>
    <property name="sun.cpu.isalist" value=""/>
    <property name="sun.jnu.encoding" value="UTF-8"/>
    <property name="java.class.path" value="/home/ebdesk/eclipse-workspace/report-file-csv/target/test-classes:/home/ebdesk/eclipse-workspace/report-file-csv/target/classes:/home/ebdesk/.m2/repository/org/springframework/boot/spring-boot-starter-web/2.1.3.RELEASE/spring-boot-starter-web-2.1.3.RELEASE.jar:/home/ebdesk/.m2/repository/org/springframework/boot/spring-boot-starter/2.1.3.RELEASE/spring-boot-starter-2.1.3.RELEASE.jar:/home/ebdesk/.m2/repository/org/springframework/boot/spring-boot/2.1.3.RELEASE/spring-boot-2.1.3.RELEASE.jar:/home/ebdesk/.m2/repository/org/springframework/boot/spring-boot-autoconfigure/2.1.3.RELEASE/spring-boot-autoconfigure-2.1.3.RELEASE.jar:/home/ebdesk/.m2/repository/org/springframework/boot/spring-boot-starter-logging/2.1.3.RELEASE/spring-boot-starter-logging-2.1.3.RELEASE.jar:/home/ebdesk/.m2/repository/ch/qos/logback/logback-classic/1.2.3/logback-classic-1.2.3.jar:/home/ebdesk/.m2/repository/ch/qos/logback/logback-core/1.2.3/logback-core-1.2.3.jar:/home/ebdesk/.m2/repository/org/apache/logging/log4j/log4j-to-slf4j/2.11.2/log4j-to-slf4j-2.11.2.jar:/home/ebdesk/.m2/repository/org/apache/logging/log4j/log4j-api/2.11.2/log4j-api-2.11.2.jar:/home/ebdesk/.m2/repository/org/slf4j/jul-to-slf4j/1.7.25/jul-to-slf4j-1.7.25.jar:/home/ebdesk/.m2/repository/org/yaml/snakeyaml/1.23/snakeyaml-1.23.jar:/home/ebdesk/.m2/repository/org/springframework/boot/spring-boot-starter-json/2.1.3.RELEASE/spring-boot-starter-json-2.1.3.RELEASE.jar:/home/ebdesk/.m2/repository/com/fasterxml/jackson/datatype/jackson-datatype-jdk8/2.9.8/jackson-datatype-jdk8-2.9.8.jar:/home/ebdesk/.m2/repository/com/fasterxml/jackson/datatype/jackson-datatype-jsr310/2.9.8/jackson-datatype-jsr310-2.9.8.jar:/home/ebdesk/.m2/repository/com/fasterxml/jackson/module/jackson-module-parameter-names/2.9.8/jackson-module-parameter-names-2.9.8.jar:/home/ebdesk/.m2/repository/org/hibernate/validator/hibernate-validator/6.0.14.Final/hibernate-validator-6.0.14.Final.jar:/home/ebdesk/.m2/repository/javax/validation/validation-api/2.0.1.Final/validation-api-2.0.1.Final.jar:/home/ebdesk/.m2/repository/org/jboss/logging/jboss-logging/3.3.2.Final/jboss-logging-3.3.2.Final.jar:/home/ebdesk/.m2/repository/com/fasterxml/classmate/1.4.0/classmate-1.4.0.jar:/home/ebdesk/.m2/repository/org/springframework/spring-web/5.1.5.RELEASE/spring-web-5.1.5.RELEASE.jar:/home/ebdesk/.m2/repository/org/springframework/spring-beans/5.1.5.RELEASE/spring-beans-5.1.5.RELEASE.jar:/home/ebdesk/.m2/repository/org/springframework/spring-webmvc/5.1.5.RELEASE/spring-webmvc-5.1.5.RELEASE.jar:/home/ebdesk/.m2/repository/org/springframework/spring-aop/5.1.5.RELEASE/spring-aop-5.1.5.RELEASE.jar:/home/ebdesk/.m2/repository/org/springframework/spring-context/5.1.5.RELEASE/spring-context-5.1.5.RELEASE.jar:/home/ebdesk/.m2/repository/org/springframework/spring-expression/5.1.5.RELEASE/spring-expression-5.1.5.RELEASE.jar:/home/ebdesk/.m2/repository/org/springframework/boot/spring-boot-starter-tomcat/2.1.3.RELEASE/spring-boot-starter-tomcat-2.1.3.RELEASE.jar:/home/ebdesk/.m2/repository/javax/annotation/javax.annotation-api/1.3.2/javax.annotation-api-1.3.2.jar:/home/ebdesk/.m2/repository/org/apache/tomcat/embed/tomcat-embed-core/9.0.16/tomcat-embed-core-9.0.16.jar:/home/ebdesk/.m2/repository/org/apache/tomcat/embed/tomcat-embed-el/9.0.16/tomcat-embed-el-9.0.16.jar:/home/ebdesk/.m2/repository/org/apache/tomcat/embed/tomcat-embed-websocket/9.0.16/tomcat-embed-websocket-9.0.16.jar:/home/ebdesk/.m2/repository/org/springframework/boot/spring-boot-starter-test/2.1.3.RELEASE/spring-boot-starter-test-2.1.3.RELEASE.jar:/home/ebdesk/.m2/repository/org/springframework/boot/spring-boot-test/2.1.3.RELEASE/spring-boot-test-2.1.3.RELEASE.jar:/home/ebdesk/.m2/repository/org/springframework/boot/spring-boot-test-autoconfigure/2.1.3.RELEASE/spring-boot-test-autoconfigure-2.1.3.RELEASE.jar:/home/ebdesk/.m2/repository/com/jayway/jsonpath/json-path/2.4.0/json-path-2.4.0.jar:/home/ebdesk/.m2/repository/net/minidev/json-smart/2.3/json-smart-2.3.jar:/home/ebdesk/.m2/repository/net/minidev/accessors-smart/1.2/accessors-smart-1.2.jar:/home/ebdesk/.m2/repository/org/ow2/asm/asm/5.0.4/asm-5.0.4.jar:/home/ebdesk/.m2/repository/junit/junit/4.12/junit-4.12.jar:/home/ebdesk/.m2/repository/org/assertj/assertj-core/3.11.1/assertj-core-3.11.1.jar:/home/ebdesk/.m2/repository/org/mockito/mockito-core/2.23.4/mockito-core-2.23.4.jar:/home/ebdesk/.m2/repository/net/bytebuddy/byte-buddy/1.9.10/byte-buddy-1.9.10.jar:/home/ebdesk/.m2/repository/net/bytebuddy/byte-buddy-agent/1.9.10/byte-buddy-agent-1.9.10.jar:/home/ebdesk/.m2/repository/org/objenesis/objenesis/2.6/objenesis-2.6.jar:/home/ebdesk/.m2/repository/org/hamcrest/hamcrest-core/1.3/hamcrest-core-1.3.jar:/home/ebdesk/.m2/repository/org/hamcrest/hamcrest-library/1.3/hamcrest-library-1.3.jar:/home/ebdesk/.m2/repository/org/skyscreamer/jsonassert/1.5.0/jsonassert-1.5.0.jar:/home/ebdesk/.m2/repository/com/vaadin/external/google/android-json/0.0.20131108.vaadin1/android-json-0.0.20131108.vaadin1.jar:/home/ebdesk/.m2/repository/org/springframework/spring-core/5.1.5.RELEASE/spring-core-5.1.5.RELEASE.jar:/home/ebdesk/.m2/repository/org/springframework/spring-jcl/5.1.5.RELEASE/spring-jcl-5.1.5.RELEASE.jar:/home/ebdesk/.m2/repository/org/springframework/spring-test/5.1.5.RELEASE/spring-test-5.1.5.RELEASE.jar:/home/ebdesk/.m2/repository/org/xmlunit/xmlunit-core/2.6.2/xmlunit-core-2.6.2.jar:/home/ebdesk/.m2/repository/javax/xml/bind/jaxb-api/2.3.1/jaxb-api-2.3.1.jar:/home/ebdesk/.m2/repository/javax/activation/javax.activation-api/1.2.0/javax.activation-api-1.2.0.jar:/home/ebdesk/.m2/repository/com/sun/jersey/jersey-client/1.8/jersey-client-1.8.jar:/home/ebdesk/.m2/repository/com/sun/jersey/jersey-core/1.8/jersey-core-1.8.jar:/home/ebdesk/.m2/repository/com/fasterxml/jackson/core/jackson-databind/2.9.8/jackson-databind-2.9.8.jar:/home/ebdesk/.m2/repository/com/fasterxml/jackson/core/jackson-annotations/2.9.0/jackson-annotations-2.9.0.jar:/home/ebdesk/.m2/repository/com/fasterxml/jackson/core/jackson-core/2.9.8/jackson-core-2.9.8.jar:/home/ebdesk/.m2/repository/org/apache/hbase/hbase-client/2.1.3/hbase-client-2.1.3.jar:/home/ebdesk/.m2/repository/org/apache/hbase/thirdparty/hbase-shaded-protobuf/2.1.0/hbase-shaded-protobuf-2.1.0.jar:/home/ebdesk/.m2/repository/org/apache/hbase/hbase-common/2.1.3/hbase-common-2.1.3.jar:/home/ebdesk/.m2/repository/com/github/stephenc/findbugs/findbugs-annotations/1.3.9-1/findbugs-annotations-1.3.9-1.jar:/home/ebdesk/.m2/repository/log4j/log4j/1.2.17/log4j-1.2.17.jar:/home/ebdesk/.m2/repository/org/apache/hbase/hbase-hadoop-compat/2.1.3/hbase-hadoop-compat-2.1.3.jar:/home/ebdesk/.m2/repository/org/apache/hbase/hbase-metrics-api/2.1.3/hbase-metrics-api-2.1.3.jar:/home/ebdesk/.m2/repository/org/apache/hbase/hbase-hadoop2-compat/2.1.3/hbase-hadoop2-compat-2.1.3.jar:/home/ebdesk/.m2/repository/org/apache/hbase/hbase-metrics/2.1.3/hbase-metrics-2.1.3.jar:/home/ebdesk/.m2/repository/org/apache/hbase/hbase-protocol-shaded/2.1.3/hbase-protocol-shaded-2.1.3.jar:/home/ebdesk/.m2/repository/org/apache/hbase/hbase-protocol/2.1.3/hbase-protocol-2.1.3.jar:/home/ebdesk/.m2/repository/commons-codec/commons-codec/1.11/commons-codec-1.11.jar:/home/ebdesk/.m2/repository/commons-io/commons-io/2.5/commons-io-2.5.jar:/home/ebdesk/.m2/repository/org/apache/commons/commons-lang3/3.8.1/commons-lang3-3.8.1.jar:/home/ebdesk/.m2/repository/org/slf4j/slf4j-api/1.7.25/slf4j-api-1.7.25.jar:/home/ebdesk/.m2/repository/org/apache/hbase/thirdparty/hbase-shaded-miscellaneous/2.1.0/hbase-shaded-miscellaneous-2.1.0.jar:/home/ebdesk/.m2/repository/com/google/protobuf/protobuf-java/2.5.0/protobuf-java-2.5.0.jar:/home/ebdesk/.m2/repository/org/apache/hbase/thirdparty/hbase-shaded-netty/2.1.0/hbase-shaded-netty-2.1.0.jar:/home/ebdesk/.m2/repository/org/apache/zookeeper/zookeeper/3.4.10/zookeeper-3.4.10.jar:/home/ebdesk/.m2/repository/org/slf4j/slf4j-log4j12/1.7.25/slf4j-log4j12-1.7.25.jar:/home/ebdesk/.m2/repository/org/apache/htrace/htrace-core4/4.2.0-incubating/htrace-core4-4.2.0-incubating.jar:/home/ebdesk/.m2/repository/org/jruby/jcodings/jcodings/1.0.18/jcodings-1.0.18.jar:/home/ebdesk/.m2/repository/org/jruby/joni/joni/2.1.11/joni-2.1.11.jar:/home/ebdesk/.m2/repository/io/dropwizard/metrics/metrics-core/4.0.5/metrics-core-4.0.5.jar:/home/ebdesk/.m2/repository/org/apache/commons/commons-crypto/1.0.0/commons-crypto-1.0.0.jar:/home/ebdesk/.m2/repository/org/apache/hadoop/hadoop-auth/2.7.7/hadoop-auth-2.7.7.jar:/home/ebdesk/.m2/repository/org/apache/httpcomponents/httpclient/4.5.7/httpclient-4.5.7.jar:/home/ebdesk/.m2/repository/org/apache/httpcomponents/httpcore/4.4.11/httpcore-4.4.11.jar:/home/ebdesk/.m2/repository/org/apache/directory/server/apacheds-kerberos-codec/2.0.0-M15/apacheds-kerberos-codec-2.0.0-M15.jar:/home/ebdesk/.m2/repository/org/apache/directory/server/apacheds-i18n/2.0.0-M15/apacheds-i18n-2.0.0-M15.jar:/home/ebdesk/.m2/repository/org/apache/directory/api/api-asn1-api/1.0.0-M20/api-asn1-api-1.0.0-M20.jar:/home/ebdesk/.m2/repository/org/apache/directory/api/api-util/1.0.0-M20/api-util-1.0.0-M20.jar:/home/ebdesk/.m2/repository/org/apache/curator/curator-framework/2.7.1/curator-framework-2.7.1.jar:/home/ebdesk/.m2/repository/org/apache/hadoop/hadoop-common/2.7.7/hadoop-common-2.7.7.jar:/home/ebdesk/.m2/repository/org/apache/hadoop/hadoop-annotations/2.7.7/hadoop-annotations-2.7.7.jar:/home/ebdesk/.m2/repository/com/google/guava/guava/11.0.2/guava-11.0.2.jar:/home/ebdesk/.m2/repository/commons-cli/commons-cli/1.2/commons-cli-1.2.jar:/home/ebdesk/.m2/repository/org/apache/commons/commons-math3/3.1.1/commons-math3-3.1.1.jar:/home/ebdesk/.m2/repository/xmlenc/xmlenc/0.52/xmlenc-0.52.jar:/home/ebdesk/.m2/repository/commons-httpclient/commons-httpclient/3.1/commons-httpclient-3.1.jar:/home/ebdesk/.m2/repository/commons-net/commons-net/3.1/commons-net-3.1.jar:/home/ebdesk/.m2/repository/commons-collections/commons-collections/3.2.2/commons-collections-3.2.2.jar:/home/ebdesk/.m2/repository/org/mortbay/jetty/jetty-sslengine/6.1.26/jetty-sslengine-6.1.26.jar:/home/ebdesk/.m2/repository/commons-logging/commons-logging/1.1.3/commons-logging-1.1.3.jar:/home/ebdesk/.m2/repository/commons-lang/commons-lang/2.6/commons-lang-2.6.jar:/home/ebdesk/.m2/repository/commons-configuration/commons-configuration/1.6/commons-configuration-1.6.jar:/home/ebdesk/.m2/repository/commons-digester/commons-digester/1.8/commons-digester-1.8.jar:/home/ebdesk/.m2/repository/commons-beanutils/commons-beanutils/1.7.0/commons-beanutils-1.7.0.jar:/home/ebdesk/.m2/repository/commons-beanutils/commons-beanutils-core/1.8.0/commons-beanutils-core-1.8.0.jar:/home/ebdesk/.m2/repository/org/codehaus/jackson/jackson-core-asl/1.9.13/jackson-core-asl-1.9.13.jar:/home/ebdesk/.m2/repository/org/codehaus/jackson/jackson-mapper-asl/1.9.13/jackson-mapper-asl-1.9.13.jar:/home/ebdesk/.m2/repository/org/apache/avro/avro/1.7.4/avro-1.7.4.jar:/home/ebdesk/.m2/repository/com/thoughtworks/paranamer/paranamer/2.3/paranamer-2.3.jar:/home/ebdesk/.m2/repository/org/xerial/snappy/snappy-java/1.0.4.1/snappy-java-1.0.4.1.jar:/home/ebdesk/.m2/repository/com/google/code/gson/gson/2.8.5/gson-2.8.5.jar:/home/ebdesk/.m2/repository/com/jcraft/jsch/0.1.54/jsch-0.1.54.jar:/home/ebdesk/.m2/repository/org/apache/curator/curator-client/2.7.1/curator-client-2.7.1.jar:/home/ebdesk/.m2/repository/org/apache/curator/curator-recipes/2.7.1/curator-recipes-2.7.1.jar:/home/ebdesk/.m2/repository/com/google/code/findbugs/jsr305/3.0.0/jsr305-3.0.0.jar:/home/ebdesk/.m2/repository/org/apache/htrace/htrace-core/3.1.0-incubating/htrace-core-3.1.0-incubating.jar:/home/ebdesk/.m2/repository/org/apache/commons/commons-compress/1.4.1/commons-compress-1.4.1.jar:/home/ebdesk/.m2/repository/org/tukaani/xz/1.0/xz-1.0.jar:/home/ebdesk/.m2/repository/org/apache/yetus/audience-annotations/0.5.0/audience-annotations-0.5.0.jar:"/>
    <property name="java.vm.vendor" value="Oracle Corporation"/>
    <property name="sun.arch.data.model" value="64"/>
    <property name="java.vendor.url" value="http://java.oracle.com/"/>
    <property name="user.timezone" value=""/>
    <property name="java.vm.specification.version" value="11"/>
    <property name="os.name" value="Linux"/>
    <property name="sun.java.launcher" value="SUN_STANDARD"/>
    <property name="user.country" value="US"/>
    <property name="sun.boot.library.path" value="/usr/lib/jvm/java-11-oracle/lib"/>
    <property name="sun.java.command" value="/home/ebdesk/eclipse-workspace/report-file-csv/target/surefire/surefirebooter15131819163847664528.jar /home/ebdesk/eclipse-workspace/report-file-csv/target/surefire 2019-04-02T13-56-21_314-jvmRun1 surefire2000210554364419033tmp surefire_07205515228797578833tmp"/>
    <property name="jdk.debug" value="release"/>
    <property name="surefire.test.class.path" value="/home/ebdesk/eclipse-workspace/report-file-csv/target/test-classes:/home/ebdesk/eclipse-workspace/report-file-csv/target/classes:/home/ebdesk/.m2/repository/org/springframework/boot/spring-boot-starter-web/2.1.3.RELEASE/spring-boot-starter-web-2.1.3.RELEASE.jar:/home/ebdesk/.m2/repository/org/springframework/boot/spring-boot-starter/2.1.3.RELEASE/spring-boot-starter-2.1.3.RELEASE.jar:/home/ebdesk/.m2/repository/org/springframework/boot/spring-boot/2.1.3.RELEASE/spring-boot-2.1.3.RELEASE.jar:/home/ebdesk/.m2/repository/org/springframework/boot/spring-boot-autoconfigure/2.1.3.RELEASE/spring-boot-autoconfigure-2.1.3.RELEASE.jar:/home/ebdesk/.m2/repository/org/springframework/boot/spring-boot-starter-logging/2.1.3.RELEASE/spring-boot-starter-logging-2.1.3.RELEASE.jar:/home/ebdesk/.m2/repository/ch/qos/logback/logback-classic/1.2.3/logback-classic-1.2.3.jar:/home/ebdesk/.m2/repository/ch/qos/logback/logback-core/1.2.3/logback-core-1.2.3.jar:/home/ebdesk/.m2/repository/org/apache/logging/log4j/log4j-to-slf4j/2.11.2/log4j-to-slf4j-2.11.2.jar:/home/ebdesk/.m2/repository/org/apache/logging/log4j/log4j-api/2.11.2/log4j-api-2.11.2.jar:/home/ebdesk/.m2/repository/org/slf4j/jul-to-slf4j/1.7.25/jul-to-slf4j-1.7.25.jar:/home/ebdesk/.m2/repository/org/yaml/snakeyaml/1.23/snakeyaml-1.23.jar:/home/ebdesk/.m2/repository/org/springframework/boot/spring-boot-starter-json/2.1.3.RELEASE/spring-boot-starter-json-2.1.3.RELEASE.jar:/home/ebdesk/.m2/repository/com/fasterxml/jackson/datatype/jackson-datatype-jdk8/2.9.8/jackson-datatype-jdk8-2.9.8.jar:/home/ebdesk/.m2/repository/com/fasterxml/jackson/datatype/jackson-datatype-jsr310/2.9.8/jackson-datatype-jsr310-2.9.8.jar:/home/ebdesk/.m2/repository/com/fasterxml/jackson/module/jackson-module-parameter-names/2.9.8/jackson-module-parameter-names-2.9.8.jar:/home/ebdesk/.m2/repository/org/hibernate/validator/hibernate-validator/6.0.14.Final/hibernate-validator-6.0.14.Final.jar:/home/ebdesk/.m2/repository/javax/validation/validation-api/2.0.1.Final/validation-api-2.0.1.Final.jar:/home/ebdesk/.m2/repository/org/jboss/logging/jboss-logging/3.3.2.Final/jboss-logging-3.3.2.Final.jar:/home/ebdesk/.m2/repository/com/fasterxml/classmate/1.4.0/classmate-1.4.0.jar:/home/ebdesk/.m2/repository/org/springframework/spring-web/5.1.5.RELEASE/spring-web-5.1.5.RELEASE.jar:/home/ebdesk/.m2/repository/org/springframework/spring-beans/5.1.5.RELEASE/spring-beans-5.1.5.RELEASE.jar:/home/ebdesk/.m2/repository/org/springframework/spring-webmvc/5.1.5.RELEASE/spring-webmvc-5.1.5.RELEASE.jar:/home/ebdesk/.m2/repository/org/springframework/spring-aop/5.1.5.RELEASE/spring-aop-5.1.5.RELEASE.jar:/home/ebdesk/.m2/repository/org/springframework/spring-context/5.1.5.RELEASE/spring-context-5.1.5.RELEASE.jar:/home/ebdesk/.m2/repository/org/springframework/spring-expression/5.1.5.RELEASE/spring-expression-5.1.5.RELEASE.jar:/home/ebdesk/.m2/repository/org/springframework/boot/spring-boot-starter-tomcat/2.1.3.RELEASE/spring-boot-starter-tomcat-2.1.3.RELEASE.jar:/home/ebdesk/.m2/repository/javax/annotation/javax.annotation-api/1.3.2/javax.annotation-api-1.3.2.jar:/home/ebdesk/.m2/repository/org/apache/tomcat/embed/tomcat-embed-core/9.0.16/tomcat-embed-core-9.0.16.jar:/home/ebdesk/.m2/repository/org/apache/tomcat/embed/tomcat-embed-el/9.0.16/tomcat-embed-el-9.0.16.jar:/home/ebdesk/.m2/repository/org/apache/tomcat/embed/tomcat-embed-websocket/9.0.16/tomcat-embed-websocket-9.0.16.jar:/home/ebdesk/.m2/repository/org/springframework/boot/spring-boot-starter-test/2.1.3.RELEASE/spring-boot-starter-test-2.1.3.RELEASE.jar:/home/ebdesk/.m2/repository/org/springframework/boot/spring-boot-test/2.1.3.RELEASE/spring-boot-test-2.1.3.RELEASE.jar:/home/ebdesk/.m2/repository/org/springframework/boot/spring-boot-test-autoconfigure/2.1.3.RELEASE/spring-boot-test-autoconfigure-2.1.3.RELEASE.jar:/home/ebdesk/.m2/repository/com/jayway/jsonpath/json-path/2.4.0/json-path-2.4.0.jar:/home/ebdesk/.m2/repository/net/minidev/json-smart/2.3/json-smart-2.3.jar:/home/ebdesk/.m2/repository/net/minidev/accessors-smart/1.2/accessors-smart-1.2.jar:/home/ebdesk/.m2/repository/org/ow2/asm/asm/5.0.4/asm-5.0.4.jar:/home/ebdesk/.m2/repository/junit/junit/4.12/junit-4.12.jar:/home/ebdesk/.m2/repository/org/assertj/assertj-core/3.11.1/assertj-core-3.11.1.jar:/home/ebdesk/.m2/repository/org/mockito/mockito-core/2.23.4/mockito-core-2.23.4.jar:/home/ebdesk/.m2/repository/net/bytebuddy/byte-buddy/1.9.10/byte-buddy-1.9.10.jar:/home/ebdesk/.m2/repository/net/bytebuddy/byte-buddy-agent/1.9.10/byte-buddy-agent-1.9.10.jar:/home/ebdesk/.m2/repository/org/objenesis/objenesis/2.6/objenesis-2.6.jar:/home/ebdesk/.m2/repository/org/hamcrest/hamcrest-core/1.3/hamcrest-core-1.3.jar:/home/ebdesk/.m2/repository/org/hamcrest/hamcrest-library/1.3/hamcrest-library-1.3.jar:/home/ebdesk/.m2/repository/org/skyscreamer/jsonassert/1.5.0/jsonassert-1.5.0.jar:/home/ebdesk/.m2/repository/com/vaadin/external/google/android-json/0.0.20131108.vaadin1/android-json-0.0.20131108.vaadin1.jar:/home/ebdesk/.m2/repository/org/springframework/spring-core/5.1.5.RELEASE/spring-core-5.1.5.RELEASE.jar:/home/ebdesk/.m2/repository/org/springframework/spring-jcl/5.1.5.RELEASE/spring-jcl-5.1.5.RELEASE.jar:/home/ebdesk/.m2/repository/org/springframework/spring-test/5.1.5.RELEASE/spring-test-5.1.5.RELEASE.jar:/home/ebdesk/.m2/repository/org/xmlunit/xmlunit-core/2.6.2/xmlunit-core-2.6.2.jar:/home/ebdesk/.m2/repository/javax/xml/bind/jaxb-api/2.3.1/jaxb-api-2.3.1.jar:/home/ebdesk/.m2/repository/javax/activation/javax.activation-api/1.2.0/javax.activation-api-1.2.0.jar:/home/ebdesk/.m2/repository/com/sun/jersey/jersey-client/1.8/jersey-client-1.8.jar:/home/ebdesk/.m2/repository/com/sun/jersey/jersey-core/1.8/jersey-core-1.8.jar:/home/ebdesk/.m2/repository/com/fasterxml/jackson/core/jackson-databind/2.9.8/jackson-databind-2.9.8.jar:/home/ebdesk/.m2/repository/com/fasterxml/jackson/core/jackson-annotations/2.9.0/jackson-annotations-2.9.0.jar:/home/ebdesk/.m2/repository/com/fasterxml/jackson/core/jackson-core/2.9.8/jackson-core-2.9.8.jar:/home/ebdesk/.m2/repository/org/apache/hbase/hbase-client/2.1.3/hbase-client-2.1.3.jar:/home/ebdesk/.m2/repository/org/apache/hbase/thirdparty/hbase-shaded-protobuf/2.1.0/hbase-shaded-protobuf-2.1.0.jar:/home/ebdesk/.m2/repository/org/apache/hbase/hbase-common/2.1.3/hbase-common-2.1.3.jar:/home/ebdesk/.m2/repository/com/github/stephenc/findbugs/findbugs-annotations/1.3.9-1/findbugs-annotations-1.3.9-1.jar:/home/ebdesk/.m2/repository/log4j/log4j/1.2.17/log4j-1.2.17.jar:/home/ebdesk/.m2/repository/org/apache/hbase/hbase-hadoop-compat/2.1.3/hbase-hadoop-compat-2.1.3.jar:/home/ebdesk/.m2/repository/org/apache/hbase/hbase-metrics-api/2.1.3/hbase-metrics-api-2.1.3.jar:/home/ebdesk/.m2/repository/org/apache/hbase/hbase-hadoop2-compat/2.1.3/hbase-hadoop2-compat-2.1.3.jar:/home/ebdesk/.m2/repository/org/apache/hbase/hbase-metrics/2.1.3/hbase-metrics-2.1.3.jar:/home/ebdesk/.m2/repository/org/apache/hbase/hbase-protocol-shaded/2.1.3/hbase-protocol-shaded-2.1.3.jar:/home/ebdesk/.m2/repository/org/apache/hbase/hbase-protocol/2.1.3/hbase-protocol-2.1.3.jar:/home/ebdesk/.m2/repository/commons-codec/commons-codec/1.11/commons-codec-1.11.jar:/home/ebdesk/.m2/repository/commons-io/commons-io/2.5/commons-io-2.5.jar:/home/ebdesk/.m2/repository/org/apache/commons/commons-lang3/3.8.1/commons-lang3-3.8.1.jar:/home/ebdesk/.m2/repository/org/slf4j/slf4j-api/1.7.25/slf4j-api-1.7.25.jar:/home/ebdesk/.m2/repository/org/apache/hbase/thirdparty/hbase-shaded-miscellaneous/2.1.0/hbase-shaded-miscellaneous-2.1.0.jar:/home/ebdesk/.m2/repository/com/google/protobuf/protobuf-java/2.5.0/protobuf-java-2.5.0.jar:/home/ebdesk/.m2/repository/org/apache/hbase/thirdparty/hbase-shaded-netty/2.1.0/hbase-shaded-netty-2.1.0.jar:/home/ebdesk/.m2/repository/org/apache/zookeeper/zookeeper/3.4.10/zookeeper-3.4.10.jar:/home/ebdesk/.m2/repository/org/slf4j/slf4j-log4j12/1.7.25/slf4j-log4j12-1.7.25.jar:/home/ebdesk/.m2/repository/org/apache/htrace/htrace-core4/4.2.0-incubating/htrace-core4-4.2.0-incubating.jar:/home/ebdesk/.m2/repository/org/jruby/jcodings/jcodings/1.0.18/jcodings-1.0.18.jar:/home/ebdesk/.m2/repository/org/jruby/joni/joni/2.1.11/joni-2.1.11.jar:/home/ebdesk/.m2/repository/io/dropwizard/metrics/metrics-core/4.0.5/metrics-core-4.0.5.jar:/home/ebdesk/.m2/repository/org/apache/commons/commons-crypto/1.0.0/commons-crypto-1.0.0.jar:/home/ebdesk/.m2/repository/org/apache/hadoop/hadoop-auth/2.7.7/hadoop-auth-2.7.7.jar:/home/ebdesk/.m2/repository/org/apache/httpcomponents/httpclient/4.5.7/httpclient-4.5.7.jar:/home/ebdesk/.m2/repository/org/apache/httpcomponents/httpcore/4.4.11/httpcore-4.4.11.jar:/home/ebdesk/.m2/repository/org/apache/directory/server/apacheds-kerberos-codec/2.0.0-M15/apacheds-kerberos-codec-2.0.0-M15.jar:/home/ebdesk/.m2/repository/org/apache/directory/server/apacheds-i18n/2.0.0-M15/apacheds-i18n-2.0.0-M15.jar:/home/ebdesk/.m2/repository/org/apache/directory/api/api-asn1-api/1.0.0-M20/api-asn1-api-1.0.0-M20.jar:/home/ebdesk/.m2/repository/org/apache/directory/api/api-util/1.0.0-M20/api-util-1.0.0-M20.jar:/home/ebdesk/.m2/repository/org/apache/curator/curator-framework/2.7.1/curator-framework-2.7.1.jar:/home/ebdesk/.m2/repository/org/apache/hadoop/hadoop-common/2.7.7/hadoop-common-2.7.7.jar:/home/ebdesk/.m2/repository/org/apache/hadoop/hadoop-annotations/2.7.7/hadoop-annotations-2.7.7.jar:/home/ebdesk/.m2/repository/com/google/guava/guava/11.0.2/guava-11.0.2.jar:/home/ebdesk/.m2/repository/commons-cli/commons-cli/1.2/commons-cli-1.2.jar:/home/ebdesk/.m2/repository/org/apache/commons/commons-math3/3.1.1/commons-math3-3.1.1.jar:/home/ebdesk/.m2/repository/xmlenc/xmlenc/0.52/xmlenc-0.52.jar:/home/ebdesk/.m2/repository/commons-httpclient/commons-httpclient/3.1/commons-httpclient-3.1.jar:/home/ebdesk/.m2/repository/commons-net/commons-net/3.1/commons-net-3.1.jar:/home/ebdesk/.m2/repository/commons-collections/commons-collections/3.2.2/commons-collections-3.2.2.jar:/home/ebdesk/.m2/repository/org/mortbay/jetty/jetty-sslengine/6.1.26/jetty-sslengine-6.1.26.jar:/home/ebdesk/.m2/repository/commons-logging/commons-logging/1.1.3/commons-logging-1.1.3.jar:/home/ebdesk/.m2/repository/commons-lang/commons-lang/2.6/commons-lang-2.6.jar:/home/ebdesk/.m2/repository/commons-configuration/commons-configuration/1.6/commons-configuration-1.6.jar:/home/ebdesk/.m2/repository/commons-digester/commons-digester/1.8/commons-digester-1.8.jar:/home/ebdesk/.m2/repository/commons-beanutils/commons-beanutils/1.7.0/commons-beanutils-1.7.0.jar:/home/ebdesk/.m2/repository/commons-beanutils/commons-beanutils-core/1.8.0/commons-beanutils-core-1.8.0.jar:/home/ebdesk/.m2/repository/org/codehaus/jackson/jackson-core-asl/1.9.13/jackson-core-asl-1.9.13.jar:/home/ebdesk/.m2/repository/org/codehaus/jackson/jackson-mapper-asl/1.9.13/jackson-mapper-asl-1.9.13.jar:/home/ebdesk/.m2/repository/org/apache/avro/avro/1.7.4/avro-1.7.4.jar:/home/ebdesk/.m2/repository/com/thoughtworks/paranamer/paranamer/2.3/paranamer-2.3.jar:/home/ebdesk/.m2/repository/org/xerial/snappy/snappy-java/1.0.4.1/snappy-java-1.0.4.1.jar:/home/ebdesk/.m2/repository/com/google/code/gson/gson/2.8.5/gson-2.8.5.jar:/home/ebdesk/.m2/repository/com/jcraft/jsch/0.1.54/jsch-0.1.54.jar:/home/ebdesk/.m2/repository/org/apache/curator/curator-client/2.7.1/curator-client-2.7.1.jar:/home/ebdesk/.m2/repository/org/apache/curator/curator-recipes/2.7.1/curator-recipes-2.7.1.jar:/home/ebdesk/.m2/repository/com/google/code/findbugs/jsr305/3.0.0/jsr305-3.0.0.jar:/home/ebdesk/.m2/repository/org/apache/htrace/htrace-core/3.1.0-incubating/htrace-core-3.1.0-incubating.jar:/home/ebdesk/.m2/repository/org/apache/commons/commons-compress/1.4.1/commons-compress-1.4.1.jar:/home/ebdesk/.m2/repository/org/tukaani/xz/1.0/xz-1.0.jar:/home/ebdesk/.m2/repository/org/apache/yetus/audience-annotations/0.5.0/audience-annotations-0.5.0.jar:"/>
    <property name="sun.cpu.endian" value="little"/>
    <property name="user.home" value="/home/ebdesk"/>
    <property name="user.language" value="en"/>
    <property name="java.specification.vendor" value="Oracle Corporation"/>
    <property name="java.version.date" value="2018-10-16"/>
    <property name="java.home" value="/usr/lib/jvm/java-11-oracle"/>
    <property name="file.separator" value="/"/>
    <property name="basedir" value="/home/ebdesk/eclipse-workspace/report-file-csv"/>
    <property name="java.vm.compressedOopsMode" value="32-bit"/>
    <property name="line.separator" value="&#10;"/>
    <property name="java.specification.name" value="Java Platform API Specification"/>
    <property name="java.vm.specification.vendor" value="Oracle Corporation"/>
    <property name="java.awt.graphicsenv" value="sun.awt.X11GraphicsEnvironment"/>
    <property name="surefire.real.class.path" value="/home/ebdesk/eclipse-workspace/report-file-csv/target/surefire/surefirebooter15131819163847664528.jar"/>
    <property name="sun.management.compiler" value="HotSpot 64-Bit Tiered Compilers"/>
    <property name="java.runtime.version" value="11.0.2+7-LTS"/>
    <property name="user.name" value="ebdesk"/>
    <property name="path.separator" value=":"/>
    <property name="os.version" value="4.15.0-45-generic"/>
    <property name="java.runtime.name" value="Java(TM) SE Runtime Environment"/>
    <property name="file.encoding" value="UTF-8"/>
    <property name="java.vm.name" value="Java HotSpot(TM) 64-Bit Server VM"/>
    <property name="java.vendor.version" value="18.9"/>
    <property name="localRepository" value="/home/ebdesk/.m2/repository"/>
    <property name="java.vendor.url.bug" value="http://bugreport.java.com/bugreport/"/>
    <property name="java.io.tmpdir" value="/tmp"/>
    <property name="java.version" value="11.0.2"/>
    <property name="user.dir" value="/home/ebdesk/eclipse-workspace/report-file-csv"/>
    <property name="os.arch" value="amd64"/>
    <property name="java.vm.specification.name" value="Java Virtual Machine Specification"/>
    <property name="java.awt.printerjob" value="sun.print.PSPrinterJob"/>
    <property name="sun.os.patch.level" value="unknown"/>
    <property name="java.library.path" value="/usr/java/packages/lib:/usr/lib64:/lib64:/lib:/usr/lib"/>
    <property name="java.vendor" value="Oracle Corporation"/>
    <property name="java.vm.info" value="mixed mode"/>
    <property name="java.vm.version" value="11.0.2+7-LTS"/>
    <property name="sun.io.unicode.encoding" value="UnicodeLittle"/>
    <property name="java.class.version" value="55.0"/>
  </properties>
  <testcase name="contextLoads" classname="com.task.kp.ReportFileCsvApplicationTests" time="0.798"/>
</testsuite>